<?xml version="1.0" encoding="UTF-8"?>
<!-- Generated by org.testng.reporters.JUnitReportReporter -->
<testsuite skipped="0" hostname="DESKTOP-881CB56" name="com.qa.ispeakbetter.tests.LoginPageTest" tests="1" failures="0" timestamp="07 Mar 2021 19:58:06 GMT" time="29.875" errors="0">
  <testcase name="loginTest1" time="29.875" classname="com.qa.ispeakbetter.tests.LoginPageTest"/>
</testsuite> <!-- com.qa.ispeakbetter.tests.LoginPageTest -->
