<?xml version="1.0" encoding="UTF-8"?>
<!-- Generated by org.testng.reporters.JUnitReportReporter -->
<testsuite skipped="0" hostname="DESKTOP-881CB56" name="com.qa.ispeakbetter.tests.VocabularyBasketPageTest" tests="3" failures="0" timestamp="07 Mar 2021 20:31:47 GMT" time="103.755" errors="0">
  <testcase name="clickOnMessagesLinkTest" time="31.938" classname="com.qa.ispeakbetter.tests.VocabularyBasketPageTest"/>
  <testcase name="clickOnSearchButtonTest" time="35.348" classname="com.qa.ispeakbetter.tests.VocabularyBasketPageTest"/>
  <testcase name="getTextVersionTest" time="36.469" classname="com.qa.ispeakbetter.tests.VocabularyBasketPageTest"/>
</testsuite> <!-- com.qa.ispeakbetter.tests.VocabularyBasketPageTest -->
