<?xml version="1.0" encoding="UTF-8"?>
<!-- Generated by org.testng.reporters.JUnitReportReporter -->
<testsuite skipped="0" hostname="DESKTOP-881CB56" name="com.qa.ispeakbetter.tests.HomePageTest" tests="5" failures="0" timestamp="07 Mar 2021 20:14:13 GMT" time="153.396" errors="0">
  <testcase name="clickOnLaunchPadTest" time="33.790" classname="com.qa.ispeakbetter.tests.HomePageTest"/>
  <testcase name="clickOnDictionaryTest" time="30.776" classname="com.qa.ispeakbetter.tests.HomePageTest"/>
  <testcase name="getTextPurchaseBtnTest" time="31.590" classname="com.qa.ispeakbetter.tests.HomePageTest"/>
  <testcase name="clickOnShowBasketTest" time="31.072" classname="com.qa.ispeakbetter.tests.HomePageTest"/>
  <testcase name="isDisplayedChatTextTest" time="26.168" classname="com.qa.ispeakbetter.tests.HomePageTest"/>
</testsuite> <!-- com.qa.ispeakbetter.tests.HomePageTest -->
